<?xml version="1.0" encoding="UTF-8"?>
<!-- Generated by org.testng.reporters.JUnitXMLReporter -->
<testsuite hostname="np-PC" ignored="3" tests="0" failures="0" timestamp="15 Jun 2019 11:19:45 GMT" time="0.014" errors="0">
  <testcase name="loginPageTitleTest" time="0.0" classname="com.crm.qa.tests.LoginPageTest">
    <ignored/>
  </testcase> <!-- loginPageTitleTest -->
  <testcase name="loginTest" time="0.0" classname="com.crm.qa.tests.LoginPageTest">
    <ignored/>
  </testcase> <!-- loginTest -->
  <testcase name="crmLogoTest" time="0.0" classname="com.crm.qa.tests.LoginPageTest">
    <ignored/>
  </testcase> <!-- crmLogoTest -->
</testsuite>
