<?xml version="1.0" encoding="UTF-8"?>
<!-- Generated by org.testng.reporters.JUnitXMLReporter -->
<testsuite ignored="2" hostname="np-PC" failures="0" tests="1" name="alltest casese" time="20.023" errors="0" timestamp="01 Aug 2018 07:09:53 GMT">
  <testcase classname="com.crm.qa.tests.LoginPageTest" name="loginTest" time="8.31"/>
  <testcase classname="com.crm.qa.tests.LoginPageTest" name="loginPageTitleTest" time="0.0">
    <ignored/>
  </testcase> <!-- loginPageTitleTest -->
  <testcase classname="com.crm.qa.tests.LoginPageTest" name="crmLogoTest" time="0.0">
    <ignored/>
  </testcase> <!-- crmLogoTest -->
</testsuite> <!-- alltest casese -->
