<?xml version="1.0" encoding="UTF-8"?>
<testng-results ignored="10" total="10" passed="0" failed="0" skipped="0">
  <reporter-output>
  </reporter-output>
  <suite started-at="2026-07-17T08:46:01Z" name="FreeCRM Test Suite" finished-at="2026-07-17T08:46:01Z" duration-ms="3">
    <groups>
    </groups>
    <test started-at="2026-07-17T08:46:01Z" name="Smoke Tests" finished-at="2026-07-17T08:46:01Z" duration-ms="3">
    </test> <!-- Smoke Tests -->
  </suite> <!-- FreeCRM Test Suite -->
</testng-results>
