<?xml version="1.0" encoding="UTF-8"?>
<!-- Generated by org.testng.reporters.JUnitXMLReporter -->
<testsuite ignored="10" hostname="SmrutiNayak" failures="0" tests="0" time="0.003" errors="0" timestamp="17 Jul 2026 08:46:01 GMT">
  <testcase classname="com.crm.qa.tests.ContactsPageTest" name="selectSingleContactsTest" time="0.0">
    <ignored/>
  </testcase> <!-- selectSingleContactsTest -->
  <testcase classname="com.crm.qa.tests.LoginPageTest" name="loginPageTitleTest" time="0.0">
    <ignored/>
  </testcase> <!-- loginPageTitleTest -->
  <testcase classname="com.crm.qa.tests.LoginPageTest" name="loginTest" time="0.0">
    <ignored/>
  </testcase> <!-- loginTest -->
  <testcase classname="com.crm.qa.tests.ContactsPageTest" name="validateCreateNewContact" time="0.0">
    <ignored/>
  </testcase> <!-- validateCreateNewContact -->
  <testcase classname="com.crm.qa.tests.ContactsPageTest" name="verifyContactsPageLabel" time="0.0">
    <ignored/>
  </testcase> <!-- verifyContactsPageLabel -->
  <testcase classname="com.crm.qa.tests.HomePageTest" name="verifyUsernameTest" time="0.0">
    <ignored/>
  </testcase> <!-- verifyUsernameTest -->
  <testcase classname="com.crm.qa.tests.HomePageTest" name="clickonContactsLinkTest" time="0.0">
    <ignored/>
  </testcase> <!-- clickonContactsLinkTest -->
  <testcase classname="com.crm.qa.tests.LoginPageTest" name="crmLogoTest" time="0.0">
    <ignored/>
  </testcase> <!-- crmLogoTest -->
  <testcase classname="com.crm.qa.tests.ContactsPageTest" name="selectMultipleContactsTest" time="0.0">
    <ignored/>
  </testcase> <!-- selectMultipleContactsTest -->
  <testcase classname="com.crm.qa.tests.HomePageTest" name="verifyHomePageTitleTest" time="0.0">
    <ignored/>
  </testcase> <!-- verifyHomePageTitleTest -->
</testsuite>
